INST:    1100 0001 0000 0000 lbi r1, 0 ***DIFF***
ARCH:    INUM:        0 PC: 0x0000 REG: 1 VALUE: 0x0000
VERILOG: INUM:        0 PC: 0x0000
INST:    0110 1001 0000 0100 bnez r1, .L1  
ARCH:    INUM:        1 PC: 0x0002
VERILOG: INUM:        1 PC: 0x0002
INST:    1100 0010 0000 0000 lbi r2, 0 ***DIFF***
ARCH:    INUM:        2 PC: 0x0004 REG: 2 VALUE: 0x0000
VERILOG: INUM:        2 PC: 0x0004
INST:    0010 0000 0000 0010 j .L2  
ARCH:    INUM:        3 PC: 0x0006
VERILOG: INUM:        3 PC: 0x0006
INST:    0000 0000 0000 0000 halt ***DIFF***
ARCH:    INUM:        4 PC: 0x000a
VERILOG: INUM:        4 PC: 0x0008 REG: 1 VALUE: 0xxxxx
INST:                         ***DIFF***
ARCH:    
VERILOG: INUM:        5 PC: 0x000a
INST:                         ***DIFF***
ARCH:    
VERILOG: INUM:        6 PC: 0x000a REG: 2 VALUE: 0xxxxx
INST:                         ***DIFF***
ARCH:    
VERILOG: INUM:        7 PC: 0xxxxx
INST:                         ***DIFF***
ARCH:    
VERILOG: INUM:        8 PC: 0xxxxx
INST:                         ***DIFF***
ARCH:    
VERILOG: INUM:        9 PC: 0xxxxx
INST:                         ***DIFF***
ARCH:    
VERILOG: INUM:       10 PC: 0xxxxx
