SIMLOG:: Cycle           4 PC: 00000000 I: 0000c105 R: 0   0 00000000 M: 0 0 00000000 00000000
SIMLOG:: Cycle           5 PC: 00000002 I: 0000c205 R: 0   0 00000000 M: 0 0 00000000 00000000
SIMLOG:: Cycle           6 PC: 00000004 I: 0000c30a R: 0   0 00000000 M: 0 0 00000000 00000000
SIMLOG:: Cycle           7 PC: 00000006 I: 0000c405 R: 0   0 00000000 M: 0 0 00000005 00000000
SIMLOG:: Cycle           8 PC: 00000008 I: 0000c505 R: 1   1 00000005 M: 0 0 00000005 00000000
SIMLOG:: Cycle           9 PC: 0000000a I: 0000d953 R: 1   2 00000005 M: 0 0 0000000a 00000000
SIMLOG:: Cycle          10 PC: 0000000c I: 0000d953 R: 1   3 0000000a M: 0 0 00000005 00000000
SIMLOG:: Cycle          11 PC: 0000000e I: 0000d950 R: 1   4 00000005 M: 0 0 00000005 00000000
SIMLOG:: Cycle          12 PC: 00000010 I: 0000e478 R: 1   5 00000005 M: 0 0 00000000 00000005
SIMLOG:: Cycle          13 PC: 00000012 I: 0000d957 R: 1   4 00000000 M: 0 0 00000000 00000005
SIMLOG:: Cycle          14 PC: 00000012 I: 0000d957 R: 1   4 00000000 M: 0 0 0000000a 00000005
SIMLOG:: Cycle          15 PC: 00000012 I: 0000d957 R: 1   4 0000000a M: 0 0 00000000 0000000a
SIMLOG:: Cycle          16 PC: 00000014 I: 00000000 R: 0   6 00000000 M: 0 0 00000000 0000000a
SIMLOG:: Cycle          17 PC: 00000016 I: 00000800 R: 0   6 00000000 M: 0 0 00000001 0000000a
SIMLOG:: Cycle          18 PC: 00000016 I: 00000800 R: 1   6 00000001 M: 0 0 00000000 00000005
SIMLOG:: Cycle          19 PC: 00000016 I: 00000800 R: 1   5 00000000 M: 0 0 00000000 00000000
SIMLOG:: Processor halted

SIMLOG:: sim_cycles          19

SIMLOG:: inst_count          10

SIMLOG:: dcachehit_count           0

SIMLOG:: icachehit_count           0

SIMLOG:: dcachereq_count           0

SIMLOG:: icachereq_count           0

