
WISCalculator v1.0
Author Derek Hower (drh5@cs.wisc.edu)
Type "help" for more information

Loading program...
Executing...
lbi r1, 5
INUM:        0 PC: 0x0000 REG: 1 VALUE: 0x0005
lbi r2, 5
INUM:        1 PC: 0x0002 REG: 2 VALUE: 0x0005
lbi r3, 10
INUM:        2 PC: 0x0004 REG: 3 VALUE: 0x000a
lbi r4, 5
INUM:        3 PC: 0x0006 REG: 4 VALUE: 0x0005
lbi r5, 5
INUM:        4 PC: 0x0008 REG: 5 VALUE: 0x0005
andn r4, r1, r2
INUM:        5 PC: 0x000a REG: 4 VALUE: 0x0000
andn r4, r1, r2
INUM:        6 PC: 0x000c REG: 4 VALUE: 0x0000
add r4, r1, r2
INUM:        7 PC: 0x000e REG: 4 VALUE: 0x000a
seq r6, r4, r3
INUM:        8 PC: 0x0010 REG: 6 VALUE: 0x0001
andn r5, r1, r2
INUM:        9 PC: 0x0012 REG: 5 VALUE: 0x0000
halt
program halted
INUM:       10 PC: 0x0014
Program Finished
